<?xml version="1.0" encoding="UTF-8"?>
<!-- Generated by org.testng.reporters.JUnitReportReporter -->
<testsuite hostname="chr-0899" name="com.example.tests.GroupCreationTests" tests="2" failures="0" timestamp="24 Jan 2015 22:07:53 GMT" time="3.093" errors="0">
  <testcase name="testEmptyGroupCreation" time="1.468" classname="com.example.tests.GroupCreationTests"/>
  <testcase name="testNonEmptyGroupCreation" time="1.625" classname="com.example.tests.GroupCreationTests"/>
</testsuite> <!-- com.example.tests.GroupCreationTests -->
