<?xml version="1.0" encoding="UTF-8"?>
<!-- Generated by org.testng.reporters.JUnitReportReporter -->
<testsuite hostname="chr-0899" name="com.example.tests.GroupCreationTests2" tests="1" failures="0" timestamp="24 Jan 2015 22:07:53 GMT" time="2.874" errors="0">
  <testcase name="testUntitled" time="2.874" classname="com.example.tests.GroupCreationTests2"/>
</testsuite> <!-- com.example.tests.GroupCreationTests2 -->
