<?xml version="1.0" encoding="UTF-8"?>
<!-- Generated by org.testng.reporters.JUnitReportReporter -->
<testsuite hostname="chr-0899" name="com.example.tests.GroupCreationTests" tests="2" failures="0" timestamp="25 Jan 2015 03:29:59 GMT" time="3.513" errors="0">
  <testcase name="testEmptyGroupCreation" time="1.584" classname="com.example.tests.GroupCreationTests"/>
  <testcase name="testNonEmptyGroupCreation" time="1.929" classname="com.example.tests.GroupCreationTests"/>
</testsuite> <!-- com.example.tests.GroupCreationTests -->
