<?xml version="1.0" encoding="UTF-8"?>
<!-- Generated by org.testng.reporters.JUnitReportReporter -->
<testsuite hostname="chr-0899" name="com.example.tests.MoreGroupCreationTests" tests="2" failures="0" timestamp="25 Jan 2015 03:29:59 GMT" time="3.010" errors="0">
  <testcase name="testEmptyGroupCreation" time="1.381" classname="com.example.tests.MoreGroupCreationTests"/>
  <testcase name="testNonEmptyGroupCreation" time="1.629" classname="com.example.tests.MoreGroupCreationTests"/>
</testsuite> <!-- com.example.tests.MoreGroupCreationTests -->
