<?xml version="1.0" encoding="UTF-8"?>
<!-- Generated by org.testng.reporters.JUnitReportReporter -->
<testsuite hostname="chr-0899" name="com.example.tests.MoreGroupCreationTests" tests="2" failures="0" timestamp="24 Jan 2015 22:07:53 GMT" time="2.631" errors="0">
  <testcase name="testNonEmptyGroupCreation" time="1.280" classname="com.example.tests.MoreGroupCreationTests"/>
  <testcase name="testEmptyGroupCreation" time="1.351" classname="com.example.tests.MoreGroupCreationTests"/>
</testsuite> <!-- com.example.tests.MoreGroupCreationTests -->
